<?xml version="1.0" encoding="UTF-8"?>
<!-- Generated by org.testng.reporters.JUnitReportReporter -->
<testsuite hostname="J9ZSM02" name="com.shiptproject.WebPageAutomationTestCase" tests="1" failures="0" timestamp="21 Feb 2017 05:48:32 GMT" time="21.052" errors="0">
  <testcase name="webpageautomation" time="21.052" classname="com.shiptproject.WebPageAutomationTestCase"/>
</testsuite> <!-- com.shiptproject.WebPageAutomationTestCase -->
